<?xml version="1.0" encoding="UTF-8"?>
<testsuites name="jest tests" tests="6" failures="0" time="3.556">
  <testsuite name="classNames" errors="0" failures="0" skipped="0" timestamp="2020-05-28T10:01:47" time="1.756" tests="4">
    <testcase classname="classNames 接受1个classNames" name="classNames 接受1个classNames" time="0.003">
    </testcase>
    <testcase classname="classNames 接受2个classNames" name="classNames 接受2个classNames" time="0.001">
    </testcase>
    <testcase classname="classNames 接受一个 undefined,classname 不会出现 undefined" name="classNames 接受一个 undefined,classname 不会出现 undefined" time="0">
    </testcase>
    <testcase classname="classNames 接受null,false,中文" name="classNames 接受null,false,中文" time="0">
    </testcase>
  </testsuite>
  <testsuite name="icon" errors="0" failures="0" skipped="0" timestamp="2020-05-28T10:01:49" time="0.37" tests="2">
    <testcase classname="icon icon-render" name="icon icon-render" time="0.011">
    </testcase>
    <testcase classname="icon 点击" name="icon 点击" time="0.039">
    </testcase>
  </testsuite>
</testsuites>